
--- 代理: 14.32.38.125:10444 ---
检查结果:
STDOUT: {
  "success": true,
  "proxyIP": "14.32.38.125",
  "portRemote": 10444,
  "colo": "SEA",
  "responseTime": 283,
  "message": "第1次验证有效ProxyIP",
  "timestamp": "2025-11-26T12:28:29.967Z"
}
STDERR: 
Return Code: 0


--- 代理: 59.22.160.62:10454 ---
检查结果:
STDOUT: {
  "success": true,
  "proxyIP": "59.22.160.62",
  "portRemote": 10454,
  "colo": "SEA",
  "responseTime": 298,
  "message": "第1次验证有效ProxyIP",
  "timestamp": "2025-11-26T12:28:29.967Z"
}
STDERR: 
Return Code: 0


--- 代理: 121.160.141.47:10281 ---
检查结果:
STDOUT: {
  "success": true,
  "proxyIP": "121.160.141.47",
  "portRemote": 10281,
  "colo": "SEA",
  "responseTime": 286,
  "message": "第1次验证有效ProxyIP",
  "timestamp": "2025-11-26T12:28:29.994Z"
}
STDERR: 
Return Code: 0


--- 代理: 112.166.42.156:10206 ---
检查结果:
STDOUT: {
  "success": true,
  "proxyIP": "112.166.42.156",
  "portRemote": 10206,
  "colo": "SEA",
  "responseTime": 298,
  "message": "第1次验证有效ProxyIP",
  "timestamp": "2025-11-26T12:28:30.020Z"
}
STDERR: 
Return Code: 0


--- 代理: 218.156.233.76:50000 ---
检查结果:
STDOUT: {
  "success": true,
  "proxyIP": "218.156.233.76",
  "portRemote": 50000,
  "colo": "LAX",
  "responseTime": 289,
  "message": "第1次验证有效ProxyIP",
  "timestamp": "2025-11-26T12:28:30.271Z"
}
STDERR: 
Return Code: 0


--- 代理: 118.47.65.248:50000 ---
检查结果:
STDOUT: {
  "success": true,
  "proxyIP": "118.47.65.248",
  "portRemote": 50000,
  "colo": "SEA",
  "responseTime": 351,
  "message": "第1次验证有效ProxyIP",
  "timestamp": "2025-11-26T12:28:30.733Z"
}
STDERR: 
Return Code: 0


--- 代理: 121.189.93.224:11111 ---
检查结果:
STDOUT: {
  "success": true,
  "proxyIP": "121.189.93.224",
  "portRemote": 11111,
  "colo": "SEA",
  "responseTime": 323,
  "message": "第1次验证有效ProxyIP",
  "timestamp": "2025-11-26T12:28:31.070Z"
}
STDERR: 
Return Code: 0


--- 代理: 121.178.121.161:50000 ---
检查结果:
STDOUT: {
  "success": true,
  "proxyIP": "121.178.121.161",
  "portRemote": 50000,
  "colo": "SEA",
  "responseTime": 301,
  "message": "第1次验证有效ProxyIP",
  "timestamp": "2025-11-26T12:28:31.141Z"
}
STDERR: 
Return Code: 0


--- 代理: 112.163.215.224:10323 ---
检查结果:
STDOUT: {
  "success": true,
  "proxyIP": "112.163.215.224",
  "portRemote": 10323,
  "colo": "SEA",
  "responseTime": 304,
  "message": "第1次验证有效ProxyIP",
  "timestamp": "2025-11-26T12:28:31.409Z"
}
STDERR: 
Return Code: 0


--- 代理: 183.103.4.162:12190 ---
检查结果:
STDOUT: {
  "success": true,
  "proxyIP": "183.103.4.162",
  "portRemote": 12190,
  "colo": "LAX",
  "responseTime": 356,
  "message": "第1次验证有效ProxyIP",
  "timestamp": "2025-11-26T12:28:31.291Z"
}
STDERR: 
Return Code: 0


--- 代理: 211.251.27.149:16025 ---
检查结果:
STDOUT: {
  "success": true,
  "proxyIP": "211.251.27.149",
  "portRemote": 16025,
  "colo": "SEA",
  "responseTime": 299,
  "message": "第1次验证有效ProxyIP",
  "timestamp": "2025-11-26T12:28:31.395Z"
}
STDERR: 
Return Code: 0


--- 代理: 112.167.163.6:50000 ---
检查结果:
STDOUT: {
  "success": true,
  "proxyIP": "112.167.163.6",
  "portRemote": 50000,
  "colo": "SEA",
  "responseTime": 299,
  "message": "第1次验证有效ProxyIP",
  "timestamp": "2025-11-26T12:28:31.485Z"
}
STDERR: 
Return Code: 0


--- 代理: 121.153.32.79:30017 ---
检查结果:
STDOUT: {
  "success": true,
  "proxyIP": "121.153.32.79",
  "portRemote": 30017,
  "colo": "SEA",
  "responseTime": 370,
  "message": "第1次验证有效ProxyIP",
  "timestamp": "2025-11-26T12:28:32.047Z"
}
STDERR: 
Return Code: 0


--- 代理: 121.170.1.188:12121 ---
检查结果:
STDOUT: {
  "success": true,
  "proxyIP": "121.170.1.188",
  "portRemote": 12121,
  "colo": "SEA",
  "responseTime": 286,
  "message": "第1次验证有效ProxyIP",
  "timestamp": "2025-11-26T12:28:31.418Z"
}
STDERR: 
Return Code: 0


--- 代理: 121.130.41.237:20046 ---
检查结果:
STDOUT: {
  "success": true,
  "proxyIP": "121.130.41.237",
  "portRemote": 20046,
  "colo": "SEA",
  "responseTime": 346,
  "message": "第1次验证有效ProxyIP",
  "timestamp": "2025-11-26T12:28:32.650Z"
}
STDERR: 
Return Code: 0


--- 代理: 14.37.103.127:10084 ---
检查结果:
STDOUT: {
  "success": true,
  "proxyIP": "14.37.103.127",
  "portRemote": 10084,
  "colo": "SEA",
  "responseTime": 290,
  "message": "第1次验证有效ProxyIP",
  "timestamp": "2025-11-26T12:28:32.100Z"
}
STDERR: 
Return Code: 0


--- 代理: 59.8.196.21:10009 ---
检查结果:
STDOUT: {
  "success": true,
  "proxyIP": "59.8.196.21",
  "portRemote": 10009,
  "colo": "SEA",
  "responseTime": 306,
  "message": "第1次验证有效ProxyIP",
  "timestamp": "2025-11-26T12:28:32.212Z"
}
STDERR: 
Return Code: 0


--- 代理: 220.81.10.138:11103 ---
检查结果:
STDOUT: {
  "success": true,
  "proxyIP": "220.81.10.138",
  "portRemote": 11103,
  "colo": "SEA",
  "responseTime": 307,
  "message": "第1次验证有效ProxyIP",
  "timestamp": "2025-11-26T12:28:32.983Z"
}
STDERR: 
Return Code: 0


--- 代理: 112.163.215.224:13323 ---
检查结果:
STDOUT: {
  "success": true,
  "proxyIP": "112.163.215.224",
  "portRemote": 13323,
  "colo": "SEA",
  "responseTime": 304,
  "message": "第1次验证有效ProxyIP",
  "timestamp": "2025-11-26T12:28:33.138Z"
}
STDERR: 
Return Code: 0


--- 代理: 112.170.95.30:12300 ---
检查结果:
STDOUT: {
  "success": true,
  "proxyIP": "112.170.95.30",
  "portRemote": 12300,
  "colo": "SEA",
  "responseTime": 294,
  "message": "第1次验证有效ProxyIP",
  "timestamp": "2025-11-26T12:28:34.011Z"
}
STDERR: 
Return Code: 0


--- 代理: 14.53.186.206:18080 ---
检查结果:
STDOUT: {
  "success": true,
  "proxyIP": "14.53.186.206",
  "portRemote": 18080,
  "colo": "SEA",
  "responseTime": 289,
  "message": "第1次验证有效ProxyIP",
  "timestamp": "2025-11-26T12:28:34.055Z"
}
STDERR: 
Return Code: 0


--- 代理: 220.121.173.37:10443 ---
检查结果:
STDOUT: {
  "success": true,
  "proxyIP": "220.121.173.37",
  "portRemote": 10443,
  "colo": "SEA",
  "responseTime": 293,
  "message": "第1次验证有效ProxyIP",
  "timestamp": "2025-11-26T12:28:34.084Z"
}
STDERR: 
Return Code: 0


--- 代理: 210.104.231.120:30011 ---
检查结果:
STDOUT: {
  "success": true,
  "proxyIP": "210.104.231.120",
  "portRemote": 30011,
  "colo": "SEA",
  "responseTime": 324,
  "message": "第1次验证有效ProxyIP",
  "timestamp": "2025-11-26T12:28:34.466Z"
}
STDERR: 
Return Code: 0


--- 代理: 119.196.21.70:18444 ---
检查结果:
STDOUT: {
  "success": true,
  "proxyIP": "119.196.21.70",
  "portRemote": 18444,
  "colo": "LAX",
  "responseTime": 288,
  "message": "第1次验证有效ProxyIP",
  "timestamp": "2025-11-26T12:28:34.807Z"
}
STDERR: 
Return Code: 0


--- 代理: 211.250.110.250:30017 ---
检查结果:
STDOUT: {
  "success": true,
  "proxyIP": "211.250.110.250",
  "portRemote": 30017,
  "colo": "SEA",
  "responseTime": 289,
  "message": "第1次验证有效ProxyIP",
  "timestamp": "2025-11-26T12:28:34.850Z"
}
STDERR: 
Return Code: 0


--- 代理: 59.6.239.208:10202 ---
检查结果:
STDOUT: {
  "success": true,
  "proxyIP": "59.6.239.208",
  "portRemote": 10202,
  "colo": "SEA",
  "responseTime": 294,
  "message": "第1次验证有效ProxyIP",
  "timestamp": "2025-11-26T12:28:32.877Z"
}
STDERR: 
Return Code: 0


--- 代理: 59.17.159.202:11008 ---
检查结果:
STDOUT: {
  "success": true,
  "proxyIP": "59.17.159.202",
  "portRemote": 11008,
  "colo": "LAX",
  "responseTime": 301,
  "message": "第1次验证有效ProxyIP",
  "timestamp": "2025-11-26T12:28:34.894Z"
}
STDERR: 
Return Code: 0


--- 代理: 112.161.231.2:11065 ---
检查结果:
STDOUT: {
  "success": true,
  "proxyIP": "112.161.231.2",
  "portRemote": 11065,
  "colo": "SEA",
  "responseTime": 289,
  "message": "第1次验证有效ProxyIP",
  "timestamp": "2025-11-26T12:28:35.446Z"
}
STDERR: 
Return Code: 0


--- 代理: 59.3.115.115:36505 ---
检查结果:
STDOUT: {
  "success": true,
  "proxyIP": "59.3.115.115",
  "portRemote": 36505,
  "colo": "SEA",
  "responseTime": 316,
  "message": "第1次验证有效ProxyIP",
  "timestamp": "2025-11-26T12:28:35.937Z"
}
STDERR: 
Return Code: 0


--- 代理: 14.56.64.57:12186 ---
检查结果:
STDOUT: {
  "success": true,
  "proxyIP": "14.56.64.57",
  "portRemote": 12186,
  "colo": "SEA",
  "responseTime": 300,
  "message": "第1次验证有效ProxyIP",
  "timestamp": "2025-11-26T12:28:36.369Z"
}
STDERR: 
Return Code: 0


--- 代理: 112.163.215.224:10369 ---
检查结果:
STDOUT: {
  "success": true,
  "proxyIP": "112.163.215.224",
  "portRemote": 10369,
  "colo": "LAX",
  "responseTime": 303,
  "message": "第1次验证有效ProxyIP",
  "timestamp": "2025-11-26T12:28:36.502Z"
}
STDERR: 
Return Code: 0


--- 代理: 211.33.238.198:12111 ---
检查结果:
STDOUT: {
  "success": true,
  "proxyIP": "211.33.238.198",
  "portRemote": 12111,
  "colo": "SEA",
  "responseTime": 303,
  "message": "第1次验证有效ProxyIP",
  "timestamp": "2025-11-26T12:28:36.592Z"
}
STDERR: 
Return Code: 0


--- 代理: 222.112.25.76:10243 ---
检查结果:
STDOUT: {
  "success": true,
  "proxyIP": "222.112.25.76",
  "portRemote": 10243,
  "colo": "SEA",
  "responseTime": 289,
  "message": "第1次验证有效ProxyIP",
  "timestamp": "2025-11-26T12:28:36.836Z"
}
STDERR: 
Return Code: 0


--- 代理: 121.161.110.42:11065 ---
检查结果:
STDOUT: {
  "success": true,
  "proxyIP": "121.161.110.42",
  "portRemote": 11065,
  "colo": "SEA",
  "responseTime": 292,
  "message": "第1次验证有效ProxyIP",
  "timestamp": "2025-11-26T12:28:37.360Z"
}
STDERR: 
Return Code: 0


--- 代理: 125.136.152.137:15672 ---
检查结果:
STDOUT: {
  "success": true,
  "proxyIP": "125.136.152.137",
  "portRemote": 15672,
  "colo": "SEA",
  "responseTime": 328,
  "message": "第1次验证有效ProxyIP",
  "timestamp": "2025-11-26T12:28:36.314Z"
}
STDERR: 
Return Code: 0


--- 代理: 210.104.231.120:33338 ---
检查结果:
STDOUT: {
  "success": true,
  "proxyIP": "210.104.231.120",
  "portRemote": 33338,
  "colo": "SEA",
  "responseTime": 320,
  "message": "第1次验证有效ProxyIP",
  "timestamp": "2025-11-26T12:28:37.593Z"
}
STDERR: 
Return Code: 0


--- 代理: 121.151.13.174:12309 ---
检查结果:
STDOUT: {
  "success": true,
  "proxyIP": "121.151.13.174",
  "portRemote": 12309,
  "colo": "SEA",
  "responseTime": 329,
  "message": "第1次验证有效ProxyIP",
  "timestamp": "2025-11-26T12:28:37.866Z"
}
STDERR: 
Return Code: 0


--- 代理: 218.147.66.126:10281 ---
检查结果:
STDOUT: {
  "success": true,
  "proxyIP": "218.147.66.126",
  "portRemote": 10281,
  "colo": "SEA",
  "responseTime": 324,
  "message": "第1次验证有效ProxyIP",
  "timestamp": "2025-11-26T12:28:37.691Z"
}
STDERR: 
Return Code: 0


--- 代理: 14.39.162.173:12112 ---
检查结果:
STDOUT: {
  "success": true,
  "proxyIP": "14.39.162.173",
  "portRemote": 12112,
  "colo": "SEA",
  "responseTime": 288,
  "message": "第1次验证有效ProxyIP",
  "timestamp": "2025-11-26T12:28:38.467Z"
}
STDERR: 
Return Code: 0


--- 代理: 119.204.205.68:10426 ---
检查结果:
STDOUT: {
  "success": true,
  "proxyIP": "119.204.205.68",
  "portRemote": 10426,
  "colo": "LAX",
  "responseTime": 296,
  "message": "第1次验证有效ProxyIP",
  "timestamp": "2025-11-26T12:28:39.482Z"
}
STDERR: 
Return Code: 0


--- 代理: 59.8.196.21:10248 ---
检查结果:
STDOUT: {
  "success": true,
  "proxyIP": "59.8.196.21",
  "portRemote": 10248,
  "colo": "LAX",
  "responseTime": 299,
  "message": "第1次验证有效ProxyIP",
  "timestamp": "2025-11-26T12:28:39.817Z"
}
STDERR: 
Return Code: 0


--- 代理: 183.109.254.132:12241 ---
检查结果:
STDOUT: {
  "success": true,
  "proxyIP": "183.109.254.132",
  "portRemote": 12241,
  "colo": "SEA",
  "responseTime": 299,
  "message": "第1次验证有效ProxyIP",
  "timestamp": "2025-11-26T12:28:39.944Z"
}
STDERR: 
Return Code: 0


--- 代理: 14.37.103.127:37443 ---
检查结果:
STDOUT: {
  "success": true,
  "proxyIP": "14.37.103.127",
  "portRemote": 37443,
  "colo": "SEA",
  "responseTime": 287,
  "message": "第1次验证有效ProxyIP",
  "timestamp": "2025-11-26T12:28:39.918Z"
}
STDERR: 
Return Code: 0


--- 代理: 125.136.152.137:10024 ---
检查结果:
STDOUT: {
  "success": true,
  "proxyIP": "125.136.152.137",
  "portRemote": 10024,
  "colo": "SEA",
  "responseTime": 335,
  "message": "第1次验证有效ProxyIP",
  "timestamp": "2025-11-26T12:28:40.015Z"
}
STDERR: 
Return Code: 0


--- 代理: 220.84.199.128:10025 ---
检查结果:
STDOUT: {
  "success": true,
  "proxyIP": "220.84.199.128",
  "portRemote": 10025,
  "colo": "SEA",
  "responseTime": 299,
  "message": "第1次验证有效ProxyIP",
  "timestamp": "2025-11-26T12:28:40.056Z"
}
STDERR: 
Return Code: 0


--- 代理: 121.151.83.94:10419 ---
检查结果:
STDOUT: {
  "success": true,
  "proxyIP": "121.151.83.94",
  "portRemote": 10419,
  "colo": "SEA",
  "responseTime": 322,
  "message": "第1次验证有效ProxyIP",
  "timestamp": "2025-11-26T12:28:40.145Z"
}
STDERR: 
Return Code: 0


--- 代理: 128.134.19.9:10138 ---
检查结果:
STDOUT: {
  "success": true,
  "proxyIP": "128.134.19.9",
  "portRemote": 10138,
  "colo": "LAX",
  "responseTime": 290,
  "message": "第1次验证有效ProxyIP",
  "timestamp": "2025-11-26T12:28:37.901Z"
}
STDERR: 
Return Code: 0


--- 代理: 14.56.64.57:12203 ---
检查结果:
STDOUT: {
  "success": true,
  "proxyIP": "14.56.64.57",
  "portRemote": 12203,
  "colo": "SEA",
  "responseTime": 299,
  "message": "第1次验证有效ProxyIP",
  "timestamp": "2025-11-26T12:28:40.397Z"
}
STDERR: 
Return Code: 0


--- 代理: 222.117.169.58:20332 ---
检查结果:
STDOUT: {
  "success": true,
  "proxyIP": "222.117.169.58",
  "portRemote": 20332,
  "colo": "SEA",
  "responseTime": 288,
  "message": "第1次验证有效ProxyIP",
  "timestamp": "2025-11-26T12:28:41.322Z"
}
STDERR: 
Return Code: 0


--- 代理: 121.183.151.131:30501 ---
检查结果:
STDOUT: {
  "success": true,
  "proxyIP": "121.183.151.131",
  "portRemote": 30501,
  "colo": "SEA",
  "responseTime": 306,
  "message": "第1次验证有效ProxyIP",
  "timestamp": "2025-11-26T12:28:41.290Z"
}
STDERR: 
Return Code: 0


--- 代理: 222.104.213.148:22990 ---
检查结果:
STDOUT: {
  "success": true,
  "proxyIP": "222.104.213.148",
  "portRemote": 22990,
  "colo": "SEA",
  "responseTime": 312,
  "message": "第1次验证有效ProxyIP",
  "timestamp": "2025-11-26T12:28:41.409Z"
}
STDERR: 
Return Code: 0


--- 代理: 220.70.184.199:12115 ---
检查结果:
STDOUT: {
  "success": true,
  "proxyIP": "220.70.184.199",
  "portRemote": 12115,
  "colo": "SEA",
  "responseTime": 294,
  "message": "第1次验证有效ProxyIP",
  "timestamp": "2025-11-26T12:28:41.397Z"
}
STDERR: 
Return Code: 0


--- 代理: 175.196.171.78:32771 ---
检查结果:
STDOUT: {
  "success": true,
  "proxyIP": "175.196.171.78",
  "portRemote": 32771,
  "colo": "SEA",
  "responseTime": 289,
  "message": "第1次验证有效ProxyIP",
  "timestamp": "2025-11-26T12:28:41.561Z"
}
STDERR: 
Return Code: 0


--- 代理: 121.130.41.237:12351 ---
检查结果:
STDOUT: {
  "success": true,
  "proxyIP": "121.130.41.237",
  "portRemote": 12351,
  "colo": "LAX",
  "responseTime": 310,
  "message": "第1次验证有效ProxyIP",
  "timestamp": "2025-11-26T12:28:40.463Z"
}
STDERR: 
Return Code: 0


--- 代理: 218.144.55.101:10298 ---
检查结果:
STDOUT: {
  "success": true,
  "proxyIP": "218.144.55.101",
  "portRemote": 10298,
  "colo": "SEA",
  "responseTime": 329,
  "message": "第1次验证有效ProxyIP",
  "timestamp": "2025-11-26T12:28:41.868Z"
}
STDERR: 
Return Code: 0


--- 代理: 221.153.129.12:12323 ---
检查结果:
STDOUT: {
  "success": true,
  "proxyIP": "221.153.129.12",
  "portRemote": 12323,
  "colo": "SEA",
  "responseTime": 288,
  "message": "第1次验证有效ProxyIP",
  "timestamp": "2025-11-26T12:28:41.793Z"
}
STDERR: 
Return Code: 0


--- 代理: 211.51.225.82:30019 ---
检查结果:
STDOUT: {
  "success": true,
  "proxyIP": "211.51.225.82",
  "portRemote": 30019,
  "colo": "SEA",
  "responseTime": 301,
  "message": "第1次验证有效ProxyIP",
  "timestamp": "2025-11-26T12:28:42.725Z"
}
STDERR: 
Return Code: 0


--- 代理: 220.119.150.244:10032 ---
检查结果:
STDOUT: {
  "success": true,
  "proxyIP": "220.119.150.244",
  "portRemote": 10032,
  "colo": "SEA",
  "responseTime": 309,
  "message": "第1次验证有效ProxyIP",
  "timestamp": "2025-11-26T12:28:42.854Z"
}
STDERR: 
Return Code: 0


--- 代理: 121.156.162.54:10700 ---
检查结果:
STDOUT: {
  "success": true,
  "proxyIP": "121.156.162.54",
  "portRemote": 10700,
  "colo": "SEA",
  "responseTime": 369,
  "message": "第1次验证有效ProxyIP",
  "timestamp": "2025-11-26T12:28:42.877Z"
}
STDERR: 
Return Code: 0


--- 代理: 222.112.25.76:11701 ---
检查结果:
STDOUT: {
  "success": true,
  "proxyIP": "222.112.25.76",
  "portRemote": 11701,
  "colo": "SEA",
  "responseTime": 284,
  "message": "第1次验证有效ProxyIP",
  "timestamp": "2025-11-26T12:28:42.904Z"
}
STDERR: 
Return Code: 0


--- 代理: 218.147.68.117:33530 ---
检查结果:
STDOUT: {
  "success": true,
  "proxyIP": "218.147.68.117",
  "portRemote": 33530,
  "colo": "SEA",
  "responseTime": 375,
  "message": "第1次验证有效ProxyIP",
  "timestamp": "2025-11-26T12:28:42.925Z"
}
STDERR: 
Return Code: 0


--- 代理: 211.106.84.19:35331 ---
检查结果:
STDOUT: {
  "success": true,
  "proxyIP": "211.106.84.19",
  "portRemote": 35331,
  "colo": "SEA",
  "responseTime": 313,
  "message": "第1次验证有效ProxyIP",
  "timestamp": "2025-11-26T12:28:43.171Z"
}
STDERR: 
Return Code: 0


--- 代理: 220.125.246.45:12204 ---
检查结果:
STDOUT: {
  "success": true,
  "proxyIP": "220.125.246.45",
  "portRemote": 12204,
  "colo": "LAX",
  "responseTime": 291,
  "message": "第1次验证有效ProxyIP",
  "timestamp": "2025-11-26T12:28:43.205Z"
}
STDERR: 
Return Code: 0


--- 代理: 59.21.10.151:18003 ---
检查结果:
STDOUT: {
  "success": true,
  "proxyIP": "59.21.10.151",
  "portRemote": 18003,
  "colo": "SEA",
  "responseTime": 294,
  "message": "第1次验证有效ProxyIP",
  "timestamp": "2025-11-26T12:28:43.232Z"
}
STDERR: 
Return Code: 0


--- 代理: 210.104.231.120:10312 ---
检查结果:
STDOUT: {
  "success": true,
  "proxyIP": "210.104.231.120",
  "portRemote": 10312,
  "colo": "SEA",
  "responseTime": 311,
  "message": "第1次验证有效ProxyIP",
  "timestamp": "2025-11-26T12:28:43.109Z"
}
STDERR: 
Return Code: 0


--- 代理: 222.112.25.76:10447 ---
检查结果:
STDOUT: {
  "success": true,
  "proxyIP": "222.112.25.76",
  "portRemote": 10447,
  "colo": "SEA",
  "responseTime": 290,
  "message": "第1次验证有效ProxyIP",
  "timestamp": "2025-11-26T12:28:43.455Z"
}
STDERR: 
Return Code: 0


--- 代理: 222.117.169.58:12134 ---
检查结果:
STDOUT: {
  "success": true,
  "proxyIP": "222.117.169.58",
  "portRemote": 12134,
  "colo": "SEA",
  "responseTime": 300,
  "message": "第1次验证有效ProxyIP",
  "timestamp": "2025-11-26T12:28:44.138Z"
}
STDERR: 
Return Code: 0


--- 代理: 112.165.11.40:50000 ---
检查结果:
STDOUT: {
  "success": true,
  "proxyIP": "112.165.11.40",
  "portRemote": 50000,
  "colo": "SEA",
  "responseTime": 297,
  "message": "第1次验证有效ProxyIP",
  "timestamp": "2025-11-26T12:28:44.332Z"
}
STDERR: 
Return Code: 0


--- 代理: 125.133.160.129:10443 ---
检查结果:
STDOUT: {
  "success": true,
  "proxyIP": "125.133.160.129",
  "portRemote": 10443,
  "colo": "SEA",
  "responseTime": 342,
  "message": "第1次验证有效ProxyIP",
  "timestamp": "2025-11-26T12:28:44.620Z"
}
STDERR: 
Return Code: 0


--- 代理: 220.87.152.138:12380 ---
检查结果:
STDOUT: {
  "success": true,
  "proxyIP": "220.87.152.138",
  "portRemote": 12380,
  "colo": "SEA",
  "responseTime": 327,
  "message": "第1次验证有效ProxyIP",
  "timestamp": "2025-11-26T12:28:44.919Z"
}
STDERR: 
Return Code: 0


--- 代理: 119.202.171.130:20205 ---
检查结果:
STDOUT: {
  "success": true,
  "proxyIP": "119.202.171.130",
  "portRemote": 20205,
  "colo": "SEA",
  "responseTime": 299,
  "message": "第1次验证有效ProxyIP",
  "timestamp": "2025-11-26T12:28:45.361Z"
}
STDERR: 
Return Code: 0


--- 代理: 118.43.11.24:30019 ---
检查结果:
STDOUT: {
  "success": true,
  "proxyIP": "118.43.11.24",
  "portRemote": 30019,
  "colo": "SEA",
  "responseTime": 368,
  "message": "第1次验证有效ProxyIP",
  "timestamp": "2025-11-26T12:28:45.290Z"
}
STDERR: 
Return Code: 0


--- 代理: 211.253.199.243:10044 ---
检查结果:
STDOUT: {
  "success": true,
  "proxyIP": "211.253.199.243",
  "portRemote": 10044,
  "colo": "SEA",
  "responseTime": 301,
  "message": "第1次验证有效ProxyIP",
  "timestamp": "2025-11-26T12:28:45.543Z"
}
STDERR: 
Return Code: 0


--- 代理: 210.223.236.220:10134 ---
检查结果:
STDOUT: {
  "success": true,
  "proxyIP": "210.223.236.220",
  "portRemote": 10134,
  "colo": "SEA",
  "responseTime": 345,
  "message": "第1次验证有效ProxyIP",
  "timestamp": "2025-11-26T12:28:45.866Z"
}
STDERR: 
Return Code: 0


--- 代理: 222.104.240.250:10332 ---
检查结果:
STDOUT: {
  "success": true,
  "proxyIP": "222.104.240.250",
  "portRemote": 10332,
  "colo": "LAX",
  "responseTime": 302,
  "message": "第1次验证有效ProxyIP",
  "timestamp": "2025-11-26T12:28:45.969Z"
}
STDERR: 
Return Code: 0


--- 代理: 222.120.238.191:10456 ---
检查结果:
STDOUT: {
  "success": true,
  "proxyIP": "222.120.238.191",
  "portRemote": 10456,
  "colo": "SEA",
  "responseTime": 291,
  "message": "第1次验证有效ProxyIP",
  "timestamp": "2025-11-26T12:28:46.350Z"
}
STDERR: 
Return Code: 0


--- 代理: 14.48.133.43:16018 ---
检查结果:
STDOUT: {
  "success": true,
  "proxyIP": "14.48.133.43",
  "portRemote": 16018,
  "colo": "SEA",
  "responseTime": 305,
  "message": "第1次验证有效ProxyIP",
  "timestamp": "2025-11-26T12:28:46.762Z"
}
STDERR: 
Return Code: 0


--- 代理: 14.48.133.43:10358 ---
检查结果:
STDOUT: {
  "success": true,
  "proxyIP": "14.48.133.43",
  "portRemote": 10358,
  "colo": "SEA",
  "responseTime": 308,
  "message": "第1次验证有效ProxyIP",
  "timestamp": "2025-11-26T12:28:46.618Z"
}
STDERR: 
Return Code: 0


--- 代理: 221.157.0.159:10424 ---
检查结果:
STDOUT: {
  "success": true,
  "proxyIP": "221.157.0.159",
  "portRemote": 10424,
  "colo": "SEA",
  "responseTime": 292,
  "message": "第1次验证有效ProxyIP",
  "timestamp": "2025-11-26T12:28:44.825Z"
}
STDERR: 
Return Code: 0


--- 代理: 220.120.42.36:12165 ---
检查结果:
STDOUT: {
  "success": true,
  "proxyIP": "220.120.42.36",
  "portRemote": 12165,
  "colo": "SEA",
  "responseTime": 288,
  "message": "第1次验证有效ProxyIP",
  "timestamp": "2025-11-26T12:28:46.752Z"
}
STDERR: 
Return Code: 0


--- 代理: 211.199.37.250:30013 ---
检查结果:
STDOUT: {
  "success": true,
  "proxyIP": "211.199.37.250",
  "portRemote": 30013,
  "colo": "LAX",
  "responseTime": 296,
  "message": "第1次验证有效ProxyIP",
  "timestamp": "2025-11-26T12:28:47.524Z"
}
STDERR: 
Return Code: 0


--- 代理: 211.251.27.149:10111 ---
检查结果:
STDOUT: {
  "success": true,
  "proxyIP": "211.251.27.149",
  "portRemote": 10111,
  "colo": "SEA",
  "responseTime": 312,
  "message": "第1次验证有效ProxyIP",
  "timestamp": "2025-11-26T12:28:47.588Z"
}
STDERR: 
Return Code: 0


--- 代理: 183.104.1.110:11013 ---
检查结果:
STDOUT: {
  "success": true,
  "proxyIP": "183.104.1.110",
  "portRemote": 11013,
  "colo": "SEA",
  "responseTime": 323,
  "message": "第1次验证有效ProxyIP",
  "timestamp": "2025-11-26T12:28:47.701Z"
}
STDERR: 
Return Code: 0


--- 代理: 121.151.58.209:30017 ---
检查结果:
STDOUT: {
  "success": true,
  "proxyIP": "121.151.58.209",
  "portRemote": 30017,
  "colo": "SEA",
  "responseTime": 412,
  "message": "第1次验证有效ProxyIP",
  "timestamp": "2025-11-26T12:28:47.924Z"
}
STDERR: 
Return Code: 0


--- 代理: 220.87.102.134:10628 ---
检查结果:
STDOUT: {
  "success": true,
  "proxyIP": "220.87.102.134",
  "portRemote": 10628,
  "colo": "SEA",
  "responseTime": 299,
  "message": "第1次验证有效ProxyIP",
  "timestamp": "2025-11-26T12:28:47.517Z"
}
STDERR: 
Return Code: 0


--- 代理: 220.118.248.123:18886 ---
检查结果:
STDOUT: {
  "success": true,
  "proxyIP": "220.118.248.123",
  "portRemote": 18886,
  "colo": "SEA",
  "responseTime": 288,
  "message": "第1次验证有效ProxyIP",
  "timestamp": "2025-11-26T12:28:48.400Z"
}
STDERR: 
Return Code: 0


--- 代理: 203.251.29.209:20185 ---
检查结果:
STDOUT: {
  "success": true,
  "proxyIP": "203.251.29.209",
  "portRemote": 20185,
  "colo": "LAX",
  "responseTime": 310,
  "message": "第1次验证有效ProxyIP",
  "timestamp": "2025-11-26T12:28:48.588Z"
}
STDERR: 
Return Code: 0


--- 代理: 121.132.24.246:50001 ---
检查结果:
STDOUT: {
  "success": true,
  "proxyIP": "121.132.24.246",
  "portRemote": 50001,
  "colo": "LAX",
  "responseTime": 304,
  "message": "第1次验证有效ProxyIP",
  "timestamp": "2025-11-26T12:28:48.561Z"
}
STDERR: 
Return Code: 0


--- 代理: 211.251.27.149:10366 ---
检查结果:
STDOUT: {
  "success": true,
  "proxyIP": "211.251.27.149",
  "portRemote": 10366,
  "colo": "SEA",
  "responseTime": 300,
  "message": "第1次验证有效ProxyIP",
  "timestamp": "2025-11-26T12:28:48.870Z"
}
STDERR: 
Return Code: 0


--- 代理: 183.99.131.127:19150 ---
检查结果:
STDOUT: {
  "success": true,
  "proxyIP": "183.99.131.127",
  "portRemote": 19150,
  "colo": "SEA",
  "responseTime": 298,
  "message": "第1次验证有效ProxyIP",
  "timestamp": "2025-11-26T12:28:49.087Z"
}
STDERR: 
Return Code: 0


--- 代理: 112.163.215.224:12172 ---
检查结果:
STDOUT: {
  "success": true,
  "proxyIP": "112.163.215.224",
  "portRemote": 12172,
  "colo": "SEA",
  "responseTime": 304,
  "message": "第1次验证有效ProxyIP",
  "timestamp": "2025-11-26T12:28:49.329Z"
}
STDERR: 
Return Code: 0


--- 代理: 121.131.42.144:50000 ---
检查结果:
STDOUT: {
  "success": true,
  "proxyIP": "121.131.42.144",
  "portRemote": 50000,
  "colo": "SEA",
  "responseTime": 314,
  "message": "第1次验证有效ProxyIP",
  "timestamp": "2025-11-26T12:28:49.570Z"
}
STDERR: 
Return Code: 0


--- 代理: 220.71.102.124:32783 ---
检查结果:
STDOUT: {
  "success": true,
  "proxyIP": "220.71.102.124",
  "portRemote": 32783,
  "colo": "SEA",
  "responseTime": 300,
  "message": "第1次验证有效ProxyIP",
  "timestamp": "2025-11-26T12:28:49.621Z"
}
STDERR: 
Return Code: 0


--- 代理: 211.227.114.208:30003 ---
检查结果:
STDOUT: {
  "success": true,
  "proxyIP": "211.227.114.208",
  "portRemote": 30003,
  "colo": "SEA",
  "responseTime": 297,
  "message": "第1次验证有效ProxyIP",
  "timestamp": "2025-11-26T12:28:49.926Z"
}
STDERR: 
Return Code: 0


--- 代理: 59.7.242.234:10000 ---
检查结果:
STDOUT: {
  "success": true,
  "proxyIP": "59.7.242.234",
  "portRemote": 10000,
  "colo": "SEA",
  "responseTime": 294,
  "message": "第1次验证有效ProxyIP",
  "timestamp": "2025-11-26T12:28:50.042Z"
}
STDERR: 
Return Code: 0


--- 代理: 221.157.139.47:10444 ---
检查结果:
STDOUT: {
  "success": true,
  "proxyIP": "221.157.139.47",
  "portRemote": 10444,
  "colo": "SEA",
  "responseTime": 298,
  "message": "第1次验证有效ProxyIP",
  "timestamp": "2025-11-26T12:28:50.754Z"
}
STDERR: 
Return Code: 0


--- 代理: 222.120.238.191:12137 ---
检查结果:
STDOUT: {
  "success": true,
  "proxyIP": "222.120.238.191",
  "portRemote": 12137,
  "colo": "LAX",
  "responseTime": 298,
  "message": "第1次验证有效ProxyIP",
  "timestamp": "2025-11-26T12:28:50.769Z"
}
STDERR: 
Return Code: 0


--- 代理: 61.72.176.145:18016 ---
检查结果:
STDOUT: {
  "success": true,
  "proxyIP": "61.72.176.145",
  "portRemote": 18016,
  "colo": "SEA",
  "responseTime": 290,
  "message": "第1次验证有效ProxyIP",
  "timestamp": "2025-11-26T12:28:50.963Z"
}
STDERR: 
Return Code: 0


--- 代理: 211.197.161.123:10428 ---
检查结果:
STDOUT: {
  "success": true,
  "proxyIP": "211.197.161.123",
  "portRemote": 10428,
  "colo": "SEA",
  "responseTime": 301,
  "message": "第1次验证有效ProxyIP",
  "timestamp": "2025-11-26T12:28:50.976Z"
}
STDERR: 
Return Code: 0


--- 代理: 112.165.215.157:50000 ---
检查结果:
STDOUT: {
  "success": true,
  "proxyIP": "112.165.215.157",
  "portRemote": 50000,
  "colo": "LAX",
  "responseTime": 295,
  "message": "第1次验证有效ProxyIP",
  "timestamp": "2025-11-26T12:28:51.308Z"
}
STDERR: 
Return Code: 0


--- 代理: 175.195.223.247:50001 ---
检查结果:
STDOUT: {
  "success": true,
  "proxyIP": "175.195.223.247",
  "portRemote": 50001,
  "colo": "SEA",
  "responseTime": 290,
  "message": "第1次验证有效ProxyIP",
  "timestamp": "2025-11-26T12:28:51.341Z"
}
STDERR: 
Return Code: 0


--- 代理: 125.136.152.137:10016 ---
检查结果:
STDOUT: {
  "success": true,
  "proxyIP": "125.136.152.137",
  "portRemote": 10016,
  "colo": "SEA",
  "responseTime": 337,
  "message": "第1次验证有效ProxyIP",
  "timestamp": "2025-11-26T12:28:51.657Z"
}
STDERR: 
Return Code: 0


--- 代理: 59.22.160.62:10203 ---
检查结果:
STDOUT: {
  "success": true,
  "proxyIP": "59.22.160.62",
  "portRemote": 10203,
  "colo": "SEA",
  "responseTime": 300,
  "message": "第1次验证有效ProxyIP",
  "timestamp": "2025-11-26T12:28:52.094Z"
}
STDERR: 
Return Code: 0


--- 代理: 112.167.218.150:10155 ---
检查结果:
STDOUT: {
  "success": true,
  "proxyIP": "112.167.218.150",
  "portRemote": 10155,
  "colo": "SEA",
  "responseTime": 292,
  "message": "第1次验证有效ProxyIP",
  "timestamp": "2025-11-26T12:28:52.183Z"
}
STDERR: 
Return Code: 0


--- 代理: 119.196.34.173:50001 ---
检查结果:
STDOUT: {
  "success": true,
  "proxyIP": "119.196.34.173",
  "portRemote": 50001,
  "colo": "SEA",
  "responseTime": 286,
  "message": "第1次验证有效ProxyIP",
  "timestamp": "2025-11-26T12:28:52.161Z"
}
STDERR: 
Return Code: 0


--- 代理: 222.113.18.211:12353 ---
检查结果:
STDOUT: {
  "success": true,
  "proxyIP": "222.113.18.211",
  "portRemote": 12353,
  "colo": "SEA",
  "responseTime": 323,
  "message": "第1次验证有效ProxyIP",
  "timestamp": "2025-11-26T12:28:52.434Z"
}
STDERR: 
Return Code: 0


--- 代理: 121.172.188.38:30021 ---
检查结果:
STDOUT: {
  "success": true,
  "proxyIP": "121.172.188.38",
  "portRemote": 30021,
  "colo": "SEA",
  "responseTime": 288,
  "message": "第1次验证有效ProxyIP",
  "timestamp": "2025-11-26T12:28:52.740Z"
}
STDERR: 
Return Code: 0


--- 代理: 121.183.151.131:12224 ---
检查结果:
STDOUT: {
  "success": true,
  "proxyIP": "121.183.151.131",
  "portRemote": 12224,
  "colo": "SEA",
  "responseTime": 296,
  "message": "第1次验证有效ProxyIP",
  "timestamp": "2025-11-26T12:28:52.793Z"
}
STDERR: 
Return Code: 0


--- 代理: 222.111.76.239:10454 ---
检查结果:
STDOUT: {
  "success": true,
  "proxyIP": "222.111.76.239",
  "portRemote": 10454,
  "colo": "LAX",
  "responseTime": 294,
  "message": "第1次验证有效ProxyIP",
  "timestamp": "2025-11-26T12:28:52.658Z"
}
STDERR: 
Return Code: 0


--- 代理: 211.198.173.100:10082 ---
检查结果:
STDOUT: {
  "success": true,
  "proxyIP": "211.198.173.100",
  "portRemote": 10082,
  "colo": "SEA",
  "responseTime": 308,
  "message": "第1次验证有效ProxyIP",
  "timestamp": "2025-11-26T12:28:52.810Z"
}
STDERR: 
Return Code: 0


--- 代理: 121.160.138.235:10900 ---
检查结果:
STDOUT: {
  "success": true,
  "proxyIP": "121.160.138.235",
  "portRemote": 10900,
  "colo": "SEA",
  "responseTime": 300,
  "message": "第1次验证有效ProxyIP",
  "timestamp": "2025-11-26T12:28:53.040Z"
}
STDERR: 
Return Code: 0


--- 代理: 112.163.215.224:12194 ---
检查结果:
STDOUT: {
  "success": true,
  "proxyIP": "112.163.215.224",
  "portRemote": 12194,
  "colo": "SEA",
  "responseTime": 305,
  "message": "第1次验证有效ProxyIP",
  "timestamp": "2025-11-26T12:28:53.577Z"
}
STDERR: 
Return Code: 0


--- 代理: 59.29.89.197:20114 ---
检查结果:
STDOUT: {
  "success": true,
  "proxyIP": "59.29.89.197",
  "portRemote": 20114,
  "colo": "SEA",
  "responseTime": 295,
  "message": "第1次验证有效ProxyIP",
  "timestamp": "2025-11-26T12:28:53.595Z"
}
STDERR: 
Return Code: 0


--- 代理: 222.120.97.251:18013 ---
检查结果:
STDOUT: {
  "success": true,
  "proxyIP": "222.120.97.251",
  "portRemote": 18013,
  "colo": "SEA",
  "responseTime": 306,
  "message": "第1次验证有效ProxyIP",
  "timestamp": "2025-11-26T12:28:53.806Z"
}
STDERR: 
Return Code: 0


--- 代理: 175.212.82.132:33391 ---
检查结果:
STDOUT: {
  "success": true,
  "proxyIP": "175.212.82.132",
  "portRemote": 33391,
  "colo": "SEA",
  "responseTime": 309,
  "message": "第1次验证有效ProxyIP",
  "timestamp": "2025-11-26T12:28:53.833Z"
}
STDERR: 
Return Code: 0


--- 代理: 112.166.42.156:12202 ---
检查结果:
STDOUT: {
  "success": true,
  "proxyIP": "112.166.42.156",
  "portRemote": 12202,
  "colo": "SEA",
  "responseTime": 299,
  "message": "第1次验证有效ProxyIP",
  "timestamp": "2025-11-26T12:28:54.100Z"
}
STDERR: 
Return Code: 0


--- 代理: 211.106.84.19:10138 ---
检查结果:
STDOUT: {
  "success": true,
  "proxyIP": "211.106.84.19",
  "portRemote": 10138,
  "colo": "SEA",
  "responseTime": 321,
  "message": "第1次验证有效ProxyIP",
  "timestamp": "2025-11-26T12:28:54.217Z"
}
STDERR: 
Return Code: 0


--- 代理: 211.106.84.19:12310 ---
检查结果:
STDOUT: {
  "success": true,
  "proxyIP": "211.106.84.19",
  "portRemote": 12310,
  "colo": "SEA",
  "responseTime": 317,
  "message": "第1次验证有效ProxyIP",
  "timestamp": "2025-11-26T12:28:54.492Z"
}
STDERR: 
Return Code: 0


--- 代理: 112.184.57.174:10378 ---
检查结果:
STDOUT: {
  "success": true,
  "proxyIP": "112.184.57.174",
  "portRemote": 10378,
  "colo": "SEA",
  "responseTime": 314,
  "message": "第1次验证有效ProxyIP",
  "timestamp": "2025-11-26T12:28:54.496Z"
}
STDERR: 
Return Code: 0


--- 代理: 14.41.122.196:30017 ---
检查结果:
STDOUT: {
  "success": true,
  "proxyIP": "14.41.122.196",
  "portRemote": 30017,
  "colo": "SEA",
  "responseTime": 296,
  "message": "第1次验证有效ProxyIP",
  "timestamp": "2025-11-26T12:28:54.384Z"
}
STDERR: 
Return Code: 0


--- 代理: 222.110.16.126:10405 ---
检查结果:
STDOUT: {
  "success": true,
  "proxyIP": "222.110.16.126",
  "portRemote": 10405,
  "colo": "SEA",
  "responseTime": 291,
  "message": "第1次验证有效ProxyIP",
  "timestamp": "2025-11-26T12:28:54.998Z"
}
STDERR: 
Return Code: 0


--- 代理: 222.119.111.223:30017 ---
检查结果:
STDOUT: {
  "success": true,
  "proxyIP": "222.119.111.223",
  "portRemote": 30017,
  "colo": "SEA",
  "responseTime": 293,
  "message": "第1次验证有效ProxyIP",
  "timestamp": "2025-11-26T12:28:55.036Z"
}
STDERR: 
Return Code: 0


--- 代理: 118.47.69.238:12200 ---
检查结果:
STDOUT: {
  "success": true,
  "proxyIP": "118.47.69.238",
  "portRemote": 12200,
  "colo": "SEA",
  "responseTime": 342,
  "message": "第1次验证有效ProxyIP",
  "timestamp": "2025-11-26T12:28:55.352Z"
}
STDERR: 
Return Code: 0


--- 代理: 222.104.213.148:31401 ---
检查结果:
STDOUT: {
  "success": true,
  "proxyIP": "222.104.213.148",
  "portRemote": 31401,
  "colo": "SEA",
  "responseTime": 314,
  "message": "第1次验证有效ProxyIP",
  "timestamp": "2025-11-26T12:28:55.485Z"
}
STDERR: 
Return Code: 0


--- 代理: 220.121.22.18:12303 ---
检查结果:
STDOUT: {
  "success": true,
  "proxyIP": "220.121.22.18",
  "portRemote": 12303,
  "colo": "SEA",
  "responseTime": 309,
  "message": "第1次验证有效ProxyIP",
  "timestamp": "2025-11-26T12:28:55.571Z"
}
STDERR: 
Return Code: 0


--- 代理: 183.104.1.110:20174 ---
检查结果:
STDOUT: {
  "success": true,
  "proxyIP": "183.104.1.110",
  "portRemote": 20174,
  "colo": "SEA",
  "responseTime": 322,
  "message": "第1次验证有效ProxyIP",
  "timestamp": "2025-11-26T12:28:55.650Z"
}
STDERR: 
Return Code: 0


--- 代理: 14.48.133.43:10012 ---
检查结果:
STDOUT: {
  "success": true,
  "proxyIP": "14.48.133.43",
  "portRemote": 10012,
  "colo": "SEA",
  "responseTime": 303,
  "message": "第1次验证有效ProxyIP",
  "timestamp": "2025-11-26T12:28:55.240Z"
}
STDERR: 
Return Code: 0


--- 代理: 121.168.17.231:10041 ---
检查结果:
STDOUT: {
  "success": true,
  "proxyIP": "121.168.17.231",
  "portRemote": 10041,
  "colo": "SEA",
  "responseTime": 287,
  "message": "第1次验证有效ProxyIP",
  "timestamp": "2025-11-26T12:28:56.138Z"
}
STDERR: 
Return Code: 0


--- 代理: 183.109.254.132:10012 ---
检查结果:
STDOUT: {
  "success": true,
  "proxyIP": "183.109.254.132",
  "portRemote": 10012,
  "colo": "SEA",
  "responseTime": 304,
  "message": "第1次验证有效ProxyIP",
  "timestamp": "2025-11-26T12:28:55.950Z"
}
STDERR: 
Return Code: 0


--- 代理: 221.153.129.12:12153 ---
检查结果:
STDOUT: {
  "success": true,
  "proxyIP": "221.153.129.12",
  "portRemote": 12153,
  "colo": "SEA",
  "responseTime": 286,
  "message": "第1次验证有效ProxyIP",
  "timestamp": "2025-11-26T12:28:55.886Z"
}
STDERR: 
Return Code: 0


--- 代理: 14.42.237.24:10447 ---
检查结果:
STDOUT: {
  "success": true,
  "proxyIP": "14.42.237.24",
  "portRemote": 10447,
  "colo": "SEA",
  "responseTime": 305,
  "message": "第1次验证有效ProxyIP",
  "timestamp": "2025-11-26T12:28:57.337Z"
}
STDERR: 
Return Code: 0


--- 代理: 119.204.205.68:18014 ---
检查结果:
STDOUT: {
  "success": true,
  "proxyIP": "119.204.205.68",
  "portRemote": 18014,
  "colo": "SEA",
  "responseTime": 298,
  "message": "第1次验证有效ProxyIP",
  "timestamp": "2025-11-26T12:28:56.977Z"
}
STDERR: 
Return Code: 0


--- 代理: 14.48.133.43:10128 ---
检查结果:
STDOUT: {
  "success": true,
  "proxyIP": "14.48.133.43",
  "portRemote": 10128,
  "colo": "SEA",
  "responseTime": 302,
  "message": "第1次验证有效ProxyIP",
  "timestamp": "2025-11-26T12:28:57.951Z"
}
STDERR: 
Return Code: 0


--- 代理: 59.2.75.64:50001 ---
检查结果:
STDOUT: {
  "success": true,
  "proxyIP": "59.2.75.64",
  "portRemote": 50001,
  "colo": "SEA",
  "responseTime": 645,
  "message": "第1次验证有效ProxyIP",
  "timestamp": "2025-11-26T12:28:58.006Z"
}
STDERR: 
Return Code: 0


--- 代理: 119.199.134.244:12486 ---
检查结果:
STDOUT: {
  "success": true,
  "proxyIP": "119.199.134.244",
  "portRemote": 12486,
  "colo": "SEA",
  "responseTime": 303,
  "message": "第1次验证有效ProxyIP",
  "timestamp": "2025-11-26T12:28:58.047Z"
}
STDERR: 
Return Code: 0


--- 代理: 220.87.152.138:12322 ---
检查结果:
STDOUT: {
  "success": true,
  "proxyIP": "220.87.152.138",
  "portRemote": 12322,
  "colo": "SEA",
  "responseTime": 328,
  "message": "第1次验证有效ProxyIP",
  "timestamp": "2025-11-26T12:28:58.082Z"
}
STDERR: 
Return Code: 0


--- 代理: 121.176.46.182:30017 ---
检查结果:
STDOUT: {
  "success": true,
  "proxyIP": "121.176.46.182",
  "portRemote": 30017,
  "colo": "SEA",
  "responseTime": 313,
  "message": "第1次验证有效ProxyIP",
  "timestamp": "2025-11-26T12:28:56.440Z"
}
STDERR: 
Return Code: 0


--- 代理: 221.164.142.10:50001 ---
检查结果:
STDOUT: {
  "success": true,
  "proxyIP": "221.164.142.10",
  "portRemote": 50001,
  "colo": "SEA",
  "responseTime": 288,
  "message": "第1次验证有效ProxyIP",
  "timestamp": "2025-11-26T12:28:57.928Z"
}
STDERR: 
Return Code: 0


--- 代理: 211.229.77.184:33053 ---
检查结果:
STDOUT: {
  "success": true,
  "proxyIP": "211.229.77.184",
  "portRemote": 33053,
  "colo": "LAX",
  "responseTime": 321,
  "message": "第1次验证有效ProxyIP",
  "timestamp": "2025-11-26T12:28:58.956Z"
}
STDERR: 
Return Code: 0


--- 代理: 121.147.127.154:32396 ---
检查结果:
STDOUT: {
  "success": true,
  "proxyIP": "121.147.127.154",
  "portRemote": 32396,
  "colo": "SEA",
  "responseTime": 364,
  "message": "第1次验证有效ProxyIP",
  "timestamp": "2025-11-26T12:28:58.949Z"
}
STDERR: 
Return Code: 0


--- 代理: 218.154.216.119:10395 ---
检查结果:
STDOUT: {
  "success": true,
  "proxyIP": "218.154.216.119",
  "portRemote": 10395,
  "colo": "SEA",
  "responseTime": 337,
  "message": "第1次验证有效ProxyIP",
  "timestamp": "2025-11-26T12:28:59.171Z"
}
STDERR: 
Return Code: 0


--- 代理: 175.206.226.93:10305 ---
检查结果:
STDOUT: {
  "success": true,
  "proxyIP": "175.206.226.93",
  "portRemote": 10305,
  "colo": "SEA",
  "responseTime": 292,
  "message": "第1次验证有效ProxyIP",
  "timestamp": "2025-11-26T12:28:58.720Z"
}
STDERR: 
Return Code: 0


--- 代理: 119.195.36.69:50000 ---
检查结果:
STDOUT: {
  "success": true,
  "proxyIP": "119.195.36.69",
  "portRemote": 50000,
  "colo": "LAX",
  "responseTime": 322,
  "message": "第1次验证有效ProxyIP",
  "timestamp": "2025-11-26T12:28:59.774Z"
}
STDERR: 
Return Code: 0


--- 代理: 59.6.239.208:14897 ---
检查结果:
STDOUT: {
  "success": true,
  "proxyIP": "59.6.239.208",
  "portRemote": 14897,
  "colo": "SEA",
  "responseTime": 292,
  "message": "第1次验证有效ProxyIP",
  "timestamp": "2025-11-26T12:29:00.022Z"
}
STDERR: 
Return Code: 0


--- 代理: 121.163.114.5:10084 ---
检查结果:
STDOUT: {
  "success": true,
  "proxyIP": "121.163.114.5",
  "portRemote": 10084,
  "colo": "SEA",
  "responseTime": 293,
  "message": "第1次验证有效ProxyIP",
  "timestamp": "2025-11-26T12:28:59.760Z"
}
STDERR: 
Return Code: 0


--- 代理: 211.106.84.19:33391 ---
检查结果:
STDOUT: {
  "success": true,
  "proxyIP": "211.106.84.19",
  "portRemote": 33391,
  "colo": "SEA",
  "responseTime": 323,
  "message": "第1次验证有效ProxyIP",
  "timestamp": "2025-11-26T12:28:59.415Z"
}
STDERR: 
Return Code: 0


--- 代理: 121.152.118.98:10227 ---
检查结果:
STDOUT: {
  "success": true,
  "proxyIP": "121.152.118.98",
  "portRemote": 10227,
  "colo": "SEA",
  "responseTime": 324,
  "message": "第1次验证有效ProxyIP",
  "timestamp": "2025-11-26T12:29:00.513Z"
}
STDERR: 
Return Code: 0


--- 代理: 14.56.64.57:12036 ---
检查结果:
STDOUT: {
  "success": true,
  "proxyIP": "14.56.64.57",
  "portRemote": 12036,
  "colo": "SEA",
  "responseTime": 301,
  "message": "第1次验证有效ProxyIP",
  "timestamp": "2025-11-26T12:29:00.346Z"
}
STDERR: 
Return Code: 0


--- 代理: 222.104.213.148:12338 ---
检查结果:
STDOUT: {
  "success": true,
  "proxyIP": "222.104.213.148",
  "portRemote": 12338,
  "colo": "SEA",
  "responseTime": 311,
  "message": "第1次验证有效ProxyIP",
  "timestamp": "2025-11-26T12:29:00.388Z"
}
STDERR: 
Return Code: 0


--- 代理: 222.104.213.148:33143 ---
检查结果:
STDOUT: {
  "success": true,
  "proxyIP": "222.104.213.148",
  "portRemote": 33143,
  "colo": "SEA",
  "responseTime": 309,
  "message": "第1次验证有效ProxyIP",
  "timestamp": "2025-11-26T12:29:00.811Z"
}
STDERR: 
Return Code: 0


--- 代理: 121.148.19.178:10999 ---
检查结果:
STDOUT: {
  "success": true,
  "proxyIP": "121.148.19.178",
  "portRemote": 10999,
  "colo": "SEA",
  "responseTime": 381,
  "message": "第1次验证有效ProxyIP",
  "timestamp": "2025-11-26T12:29:01.348Z"
}
STDERR: 
Return Code: 0


--- 代理: 221.157.139.47:10375 ---
检查结果:
STDOUT: {
  "success": true,
  "proxyIP": "221.157.139.47",
  "portRemote": 10375,
  "colo": "SEA",
  "responseTime": 301,
  "message": "第1次验证有效ProxyIP",
  "timestamp": "2025-11-26T12:29:01.423Z"
}
STDERR: 
Return Code: 0


--- 代理: 183.109.80.50:12000 ---
检查结果:
STDOUT: {
  "success": true,
  "proxyIP": "183.109.80.50",
  "portRemote": 12000,
  "colo": "SEA",
  "responseTime": 288,
  "message": "第1次验证有效ProxyIP",
  "timestamp": "2025-11-26T12:29:01.777Z"
}
STDERR: 
Return Code: 0


--- 代理: 220.118.83.101:60004 ---
检查结果:
STDOUT: {
  "success": true,
  "proxyIP": "220.118.83.101",
  "portRemote": 60004,
  "colo": "SEA",
  "responseTime": 285,
  "message": "第1次验证有效ProxyIP",
  "timestamp": "2025-11-26T12:29:01.893Z"
}
STDERR: 
Return Code: 0


--- 代理: 112.163.215.224:30001 ---
检查结果:
STDOUT: {
  "success": true,
  "proxyIP": "112.163.215.224",
  "portRemote": 30001,
  "colo": "SEA",
  "responseTime": 298,
  "message": "第1次验证有效ProxyIP",
  "timestamp": "2025-11-26T12:29:01.890Z"
}
STDERR: 
Return Code: 0


--- 代理: 14.37.103.127:10312 ---
检查结果:
STDOUT: {
  "success": true,
  "proxyIP": "14.37.103.127",
  "portRemote": 10312,
  "colo": "SEA",
  "responseTime": 298,
  "message": "第1次验证有效ProxyIP",
  "timestamp": "2025-11-26T12:29:01.967Z"
}
STDERR: 
Return Code: 0


--- 代理: 210.104.231.120:18081 ---
检查结果:
STDOUT: {
  "success": true,
  "proxyIP": "210.104.231.120",
  "portRemote": 18081,
  "colo": "SEA",
  "responseTime": 321,
  "message": "第1次验证有效ProxyIP",
  "timestamp": "2025-11-26T12:29:02.320Z"
}
STDERR: 
Return Code: 0


--- 代理: 14.56.64.57:33334 ---
检查结果:
STDOUT: {
  "success": true,
  "proxyIP": "14.56.64.57",
  "portRemote": 33334,
  "colo": "SEA",
  "responseTime": 299,
  "message": "第1次验证有效ProxyIP",
  "timestamp": "2025-11-26T12:29:03.201Z"
}
STDERR: 
Return Code: 0


--- 代理: 118.45.138.207:12403 ---
检查结果:
STDOUT: {
  "success": true,
  "proxyIP": "118.45.138.207",
  "portRemote": 12403,
  "colo": "LAX",
  "responseTime": 310,
  "message": "第1次验证有效ProxyIP",
  "timestamp": "2025-11-26T12:29:02.987Z"
}
STDERR: 
Return Code: 0


--- 代理: 203.251.29.209:10324 ---
检查结果:
STDOUT: {
  "success": true,
  "proxyIP": "203.251.29.209",
  "portRemote": 10324,
  "colo": "SEA",
  "responseTime": 300,
  "message": "第1次验证有效ProxyIP",
  "timestamp": "2025-11-26T12:29:03.238Z"
}
STDERR: 
Return Code: 0


--- 代理: 220.78.129.86:12192 ---
检查结果:
STDOUT: {
  "success": true,
  "proxyIP": "220.78.129.86",
  "portRemote": 12192,
  "colo": "SEA",
  "responseTime": 291,
  "message": "第1次验证有效ProxyIP",
  "timestamp": "2025-11-26T12:29:02.637Z"
}
STDERR: 
Return Code: 0


--- 代理: 183.97.188.34:10800 ---
检查结果:
STDOUT: {
  "success": true,
  "proxyIP": "183.97.188.34",
  "portRemote": 10800,
  "colo": "SEA",
  "responseTime": 286,
  "message": "第1次验证有效ProxyIP",
  "timestamp": "2025-11-26T12:29:03.642Z"
}
STDERR: 
Return Code: 0


--- 代理: 125.139.46.163:50001 ---
检查结果:
STDOUT: {
  "success": true,
  "proxyIP": "125.139.46.163",
  "portRemote": 50001,
  "colo": "SEA",
  "responseTime": 349,
  "message": "第1次验证有效ProxyIP",
  "timestamp": "2025-11-26T12:29:03.790Z"
}
STDERR: 
Return Code: 0


--- 代理: 221.154.20.23:30010 ---
检查结果:
STDOUT: {
  "success": true,
  "proxyIP": "221.154.20.23",
  "portRemote": 30010,
  "colo": "SEA",
  "responseTime": 1852,
  "message": "第2次验证有效ProxyIP",
  "timestamp": "2025-11-26T12:29:04.184Z"
}
STDERR: 
Return Code: 0


--- 代理: 59.6.239.208:32788 ---
检查结果:
STDOUT: {
  "success": true,
  "proxyIP": "59.6.239.208",
  "portRemote": 32788,
  "colo": "SEA",
  "responseTime": 290,
  "message": "第1次验证有效ProxyIP",
  "timestamp": "2025-11-26T12:29:04.216Z"
}
STDERR: 
Return Code: 0


--- 代理: 121.134.16.101:33536 ---
检查结果:
STDOUT: {
  "success": true,
  "proxyIP": "121.134.16.101",
  "portRemote": 33536,
  "colo": "SEA",
  "responseTime": 321,
  "message": "第1次验证有效ProxyIP",
  "timestamp": "2025-11-26T12:29:04.716Z"
}
STDERR: 
Return Code: 0


--- 代理: 121.169.173.210:30019 ---
检查结果:
STDOUT: {
  "success": true,
  "proxyIP": "121.169.173.210",
  "portRemote": 30019,
  "colo": "SEA",
  "responseTime": 291,
  "message": "第1次验证有效ProxyIP",
  "timestamp": "2025-11-26T12:29:04.979Z"
}
STDERR: 
Return Code: 0


--- 代理: 210.104.231.120:12104 ---
检查结果:
STDOUT: {
  "success": true,
  "proxyIP": "210.104.231.120",
  "portRemote": 12104,
  "colo": "SEA",
  "responseTime": 332,
  "message": "第1次验证有效ProxyIP",
  "timestamp": "2025-11-26T12:29:05.001Z"
}
STDERR: 
Return Code: 0


--- 代理: 118.34.210.227:12188 ---
检查结果:
STDOUT: {
  "success": true,
  "proxyIP": "118.34.210.227",
  "portRemote": 12188,
  "colo": "SEA",
  "responseTime": 323,
  "message": "第1次验证有效ProxyIP",
  "timestamp": "2025-11-26T12:29:05.122Z"
}
STDERR: 
Return Code: 0


--- 代理: 121.150.226.178:50001 ---
检查结果:
STDOUT: {
  "success": true,
  "proxyIP": "121.150.226.178",
  "portRemote": 50001,
  "colo": "SEA",
  "responseTime": 327,
  "message": "第1次验证有效ProxyIP",
  "timestamp": "2025-11-26T12:29:05.225Z"
}
STDERR: 
Return Code: 0


--- 代理: 220.126.187.68:30005 ---
检查结果:
STDOUT: {
  "success": true,
  "proxyIP": "220.126.187.68",
  "portRemote": 30005,
  "colo": "SEA",
  "responseTime": 284,
  "message": "第1次验证有效ProxyIP",
  "timestamp": "2025-11-26T12:29:05.367Z"
}
STDERR: 
Return Code: 0


--- 代理: 183.109.254.132:33392 ---
检查结果:
STDOUT: {
  "success": true,
  "proxyIP": "183.109.254.132",
  "portRemote": 33392,
  "colo": "SEA",
  "responseTime": 308,
  "message": "第1次验证有效ProxyIP",
  "timestamp": "2025-11-26T12:29:04.613Z"
}
STDERR: 
Return Code: 0


--- 代理: 221.153.129.12:12165 ---
检查结果:
STDOUT: {
  "success": true,
  "proxyIP": "221.153.129.12",
  "portRemote": 12165,
  "colo": "SEA",
  "responseTime": 283,
  "message": "第1次验证有效ProxyIP",
  "timestamp": "2025-11-26T12:29:05.512Z"
}
STDERR: 
Return Code: 0


--- 代理: 61.80.195.236:12363 ---
检查结果:
STDOUT: {
  "success": true,
  "proxyIP": "61.80.195.236",
  "portRemote": 12363,
  "colo": "SEA",
  "responseTime": 291,
  "message": "第1次验证有效ProxyIP",
  "timestamp": "2025-11-26T12:29:05.613Z"
}
STDERR: 
Return Code: 0


--- 代理: 59.3.115.115:10005 ---
检查结果:
STDOUT: {
  "success": true,
  "proxyIP": "59.3.115.115",
  "portRemote": 10005,
  "colo": "SEA",
  "responseTime": 306,
  "message": "第1次验证有效ProxyIP",
  "timestamp": "2025-11-26T12:29:05.659Z"
}
STDERR: 
Return Code: 0


--- 代理: 112.166.42.156:12309 ---
检查结果:
STDOUT: {
  "success": true,
  "proxyIP": "112.166.42.156",
  "portRemote": 12309,
  "colo": "SEA",
  "responseTime": 302,
  "message": "第1次验证有效ProxyIP",
  "timestamp": "2025-11-26T12:29:06.181Z"
}
STDERR: 
Return Code: 0


--- 代理: 125.136.152.137:10101 ---
检查结果:
STDOUT: {
  "success": true,
  "proxyIP": "125.136.152.137",
  "portRemote": 10101,
  "colo": "LAX",
  "responseTime": 296,
  "message": "第1次验证有效ProxyIP",
  "timestamp": "2025-11-26T12:29:06.602Z"
}
STDERR: 
Return Code: 0


--- 代理: 203.251.29.209:10376 ---
检查结果:
STDOUT: {
  "success": true,
  "proxyIP": "203.251.29.209",
  "portRemote": 10376,
  "colo": "SEA",
  "responseTime": 291,
  "message": "第1次验证有效ProxyIP",
  "timestamp": "2025-11-26T12:29:06.511Z"
}
STDERR: 
Return Code: 0


--- 代理: 125.133.160.129:14430 ---
检查结果:
STDOUT: {
  "success": true,
  "proxyIP": "125.133.160.129",
  "portRemote": 14430,
  "colo": "SEA",
  "responseTime": 337,
  "message": "第1次验证有效ProxyIP",
  "timestamp": "2025-11-26T12:29:07.201Z"
}
STDERR: 
Return Code: 0


--- 代理: 14.48.133.43:12152 ---
检查结果:
STDOUT: {
  "success": true,
  "proxyIP": "14.48.133.43",
  "portRemote": 12152,
  "colo": "SEA",
  "responseTime": 306,
  "message": "第1次验证有效ProxyIP",
  "timestamp": "2025-11-26T12:29:07.697Z"
}
STDERR: 
Return Code: 0


--- 代理: 118.43.198.217:10299 ---
检查结果:
STDOUT: {
  "success": true,
  "proxyIP": "118.43.198.217",
  "portRemote": 10299,
  "colo": "SEA",
  "responseTime": 341,
  "message": "第1次验证有效ProxyIP",
  "timestamp": "2025-11-26T12:29:08.031Z"
}
STDERR: 
Return Code: 0

