
--- 代理: 124.55.23.158:50001 ---
检查结果:
STDOUT: 
STDERR: 
Return Code: 6


--- 代理: 124.53.20.222:50001 ---
检查结果:
STDOUT: 
STDERR: 
Return Code: 6


--- 代理: 49.166.202.100:50001 ---
检查结果:
STDOUT: 
STDERR: 
Return Code: 6


--- 代理: 49.173.68.6:50001 ---
检查结果:
STDOUT: 
STDERR: 
Return Code: 6


--- 代理: 180.224.73.183:50001 ---
检查结果:
STDOUT: 
STDERR: 
Return Code: 6


--- 代理: 49.175.158.24:50001 ---
检查结果:
STDOUT: 
STDERR: 
Return Code: 6


--- 代理: 124.50.6.249:50001 ---
检查结果:
STDOUT: 
STDERR: 
Return Code: 6


--- 代理: 119.66.172.143:50001 ---
检查结果:
STDOUT: 
STDERR: 
Return Code: 6


--- 代理: 112.155.196.229:50001 ---
检查结果:
STDOUT: 
STDERR: 
Return Code: 6


--- 代理: 49.164.46.220:50001 ---
检查结果:
STDOUT: 
STDERR: 
Return Code: 6


--- 代理: 182.218.220.12:50001 ---
检查结果:
STDOUT: 
STDERR: 
Return Code: 6


--- 代理: 182.226.229.56:50001 ---
检查结果:
STDOUT: 
STDERR: 
Return Code: 6


--- 代理: 125.186.19.199:50001 ---
检查结果:
STDOUT: 
STDERR: 
Return Code: 6


--- 代理: 112.157.160.49:50001 ---
检查结果:
STDOUT: 
STDERR: 
Return Code: 6


--- 代理: 49.164.170.225:50001 ---
检查结果:
STDOUT: 
STDERR: 
Return Code: 6


--- 代理: 124.53.232.44:50001 ---
检查结果:
STDOUT: 
STDERR: 
Return Code: 6


--- 代理: 182.221.191.237:50001 ---
检查结果:
STDOUT: 
STDERR: 
Return Code: 6


--- 代理: 49.168.9.171:50001 ---
检查结果:
STDOUT: 
STDERR: 
Return Code: 6

