
--- 代理: 61.220.128.226:43 ---
检查结果:
STDOUT: {
  "success": true,
  "proxyIP": "61.220.128.226",
  "portRemote": 43,
  "colo": "SEA",
  "responseTime": 310,
  "message": "第1次验证有效ProxyIP",
  "timestamp": "2025-11-26T12:23:22.764Z"
}
STDERR: 
Return Code: 0


--- 代理: 220.128.110.108:43 ---
检查结果:
STDOUT: {
  "success": true,
  "proxyIP": "220.128.110.108",
  "portRemote": 43,
  "colo": "SEA",
  "responseTime": 320,
  "message": "第1次验证有效ProxyIP",
  "timestamp": "2025-11-26T12:23:22.772Z"
}
STDERR: 
Return Code: 0


--- 代理: 114.33.57.170:443 ---
检查结果:
STDOUT: {
  "success": true,
  "proxyIP": "114.33.57.170",
  "portRemote": 443,
  "colo": "SEA",
  "responseTime": 331,
  "message": "第1次验证有效ProxyIP",
  "timestamp": "2025-11-26T12:23:22.801Z"
}
STDERR: 
Return Code: 0


--- 代理: 122.116.105.15:995 ---
检查结果:
STDOUT: {
  "success": true,
  "proxyIP": "122.116.105.15",
  "portRemote": 995,
  "colo": "SEA",
  "responseTime": 309,
  "message": "第1次验证有效ProxyIP",
  "timestamp": "2025-11-26T12:23:22.806Z"
}
STDERR: 
Return Code: 0


--- 代理: 114.34.106.124:10443 ---
检查结果:
STDOUT: {
  "success": true,
  "proxyIP": "114.34.106.124",
  "portRemote": 10443,
  "colo": "LAX",
  "responseTime": 285,
  "message": "第1次验证有效ProxyIP",
  "timestamp": "2025-11-26T12:23:22.953Z"
}
STDERR: 
Return Code: 0


--- 代理: 114.32.9.249:51443 ---
检查结果:
STDOUT: {
  "success": true,
  "proxyIP": "114.32.9.249",
  "portRemote": 51443,
  "colo": "SEA",
  "responseTime": 347,
  "message": "第1次验证有效ProxyIP",
  "timestamp": "2025-11-26T12:23:22.993Z"
}
STDERR: 
Return Code: 0


--- 代理: 114.34.202.224:10004 ---
检查结果:
STDOUT: {
  "success": true,
  "proxyIP": "114.34.202.224",
  "portRemote": 10004,
  "colo": "SEA",
  "responseTime": 317,
  "message": "第1次验证有效ProxyIP",
  "timestamp": "2025-11-26T12:23:23.655Z"
}
STDERR: 
Return Code: 0


--- 代理: 125.228.236.138:443 ---
检查结果:
STDOUT: {
  "success": true,
  "proxyIP": "125.228.236.138",
  "portRemote": 443,
  "colo": "LAX",
  "responseTime": 286,
  "message": "第1次验证有效ProxyIP",
  "timestamp": "2025-11-26T12:23:23.779Z"
}
STDERR: 
Return Code: 0


--- 代理: 220.135.92.105:2087 ---
检查结果:
STDOUT: {
  "success": true,
  "proxyIP": "220.135.92.105",
  "portRemote": 2087,
  "colo": "SEA",
  "responseTime": 505,
  "message": "第1次验证有效ProxyIP",
  "timestamp": "2025-11-26T12:23:24.364Z"
}
STDERR: 
Return Code: 0


--- 代理: -1:-1 ---
检查结果:
STDOUT: {
  "success": false,
  "proxyIP": -1,
  "portRemote": -1,
  "colo": "SEA",
  "responseTime": -1,
  "message": "Cannot call releaseLock() on a reader with outstanding read promises.",
  "timestamp": "2025-11-26T12:23:27.038Z"
}
STDERR: 
Return Code: 0

