
--- 代理: 123.213.183.157:50001 ---
检查结果:
STDOUT: 
STDERR: 
Return Code: 6


--- 代理: 1.226.227.169:50001 ---
检查结果:
STDOUT: 
STDERR: 
Return Code: 6


--- 代理: 58.235.104.145:50001 ---
检查结果:
STDOUT: 
STDERR: 
Return Code: 6


--- 代理: 39.114.19.206:50001 ---
检查结果:
STDOUT: 
STDERR: 
Return Code: 6


--- 代理: 110.14.131.147:50001 ---
检查结果:
STDOUT: 
STDERR: 
Return Code: 6


--- 代理: 1.235.178.209:50001 ---
检查结果:
STDOUT: 
STDERR: 
Return Code: 6


--- 代理: 116.125.225.173:50001 ---
检查结果:
STDOUT: 
STDERR: 
Return Code: 6


--- 代理: 61.101.87.93:50001 ---
检查结果:
STDOUT: 
STDERR: 
Return Code: 6


--- 代理: 118.223.252.190:50001 ---
检查结果:
STDOUT: 
STDERR: 
Return Code: 6


--- 代理: 1.235.62.20:50001 ---
检查结果:
STDOUT: 
STDERR: 
Return Code: 6


--- 代理: 211.176.191.133:50001 ---
检查结果:
STDOUT: 
STDERR: 
Return Code: 6


--- 代理: 175.120.200.238:50001 ---
检查结果:
STDOUT: 
STDERR: 
Return Code: 6


--- 代理: 114.207.101.148:50001 ---
检查结果:
STDOUT: 
STDERR: 
Return Code: 6


--- 代理: 211.178.234.59:50001 ---
检查结果:
STDOUT: 
STDERR: 
Return Code: 6


--- 代理: 211.202.115.206:50001 ---
检查结果:
STDOUT: 
STDERR: 
Return Code: 6


--- 代理: 211.177.114.117:50001 ---
检查结果:
STDOUT: 
STDERR: 
Return Code: 6


--- 代理: 180.69.225.19:50001 ---
检查结果:
STDOUT: 
STDERR: 
Return Code: 6


--- 代理: 218.239.169.116:50001 ---
检查结果:
STDOUT: 
STDERR: 
Return Code: 6


--- 代理: 211.187.105.228:50001 ---
检查结果:
STDOUT: 
STDERR: 
Return Code: 6


--- 代理: 222.234.5.27:50001 ---
检查结果:
STDOUT: 
STDERR: 
Return Code: 6


--- 代理: 211.203.161.103:50001 ---
检查结果:
STDOUT: 
STDERR: 
Return Code: 6


--- 代理: 110.9.4.54:50001 ---
检查结果:
STDOUT: 
STDERR: 
Return Code: 6


--- 代理: 1.232.86.168:50001 ---
检查结果:
STDOUT: 
STDERR: 
Return Code: 6


--- 代理: 39.112.247.142:50001 ---
检查结果:
STDOUT: 
STDERR: 
Return Code: 6


--- 代理: 61.98.25.180:50001 ---
检查结果:
STDOUT: 
STDERR: 
Return Code: 6


--- 代理: 39.119.194.253:50001 ---
检查结果:
STDOUT: 
STDERR: 
Return Code: 6


--- 代理: 1.238.209.247:50001 ---
检查结果:
STDOUT: 
STDERR: 
Return Code: 6


--- 代理: 175.127.47.121:50001 ---
检查结果:
STDOUT: 
STDERR: 
Return Code: 6


--- 代理: 61.101.106.148:50001 ---
检查结果:
STDOUT: 
STDERR: 
Return Code: 6


--- 代理: 218.239.152.168:50001 ---
检查结果:
STDOUT: 
STDERR: 
Return Code: 6


--- 代理: 180.65.135.177:50001 ---
检查结果:
STDOUT: 
STDERR: 
Return Code: 6


--- 代理: 58.230.90.195:50001 ---
检查结果:
STDOUT: 
STDERR: 
Return Code: 6


--- 代理: 175.113.29.202:50001 ---
检查结果:
STDOUT: 
STDERR: 
Return Code: 6


--- 代理: 58.127.160.137:50001 ---
检查结果:
STDOUT: 
STDERR: 
Return Code: 6


--- 代理: 58.237.50.59:50001 ---
检查结果:
STDOUT: 
STDERR: 
Return Code: 6


--- 代理: 218.39.140.21:50001 ---
检查结果:
STDOUT: 
STDERR: 
Return Code: 6


--- 代理: 211.44.181.149:50001 ---
检查结果:
STDOUT: 
STDERR: 
Return Code: 6


--- 代理: 1.237.51.17:50001 ---
检查结果:
STDOUT: 
STDERR: 
Return Code: 6


--- 代理: 61.255.141.214:50001 ---
检查结果:
STDOUT: 
STDERR: 
Return Code: 6


--- 代理: 218.238.146.199:50001 ---
检查结果:
STDOUT: 
STDERR: 
Return Code: 6


--- 代理: 218.49.100.41:50001 ---
检查结果:
STDOUT: 
STDERR: 
Return Code: 6


--- 代理: 175.113.42.173:50001 ---
检查结果:
STDOUT: 
STDERR: 
Return Code: 6


--- 代理: 175.125.98.90:50001 ---
检查结果:
STDOUT: 
STDERR: 
Return Code: 6


--- 代理: 218.232.59.88:50001 ---
检查结果:
STDOUT: 
STDERR: 
Return Code: 6


--- 代理: 211.178.19.34:50001 ---
检查结果:
STDOUT: 
STDERR: 
Return Code: 6


--- 代理: 118.219.101.231:50001 ---
检查结果:
STDOUT: 
STDERR: 
Return Code: 6


--- 代理: 175.127.215.158:50001 ---
检查结果:
STDOUT: 
STDERR: 
Return Code: 6


--- 代理: 114.200.84.154:50001 ---
检查结果:
STDOUT: 
STDERR: 
Return Code: 6


--- 代理: 219.248.102.189:50001 ---
检查结果:
STDOUT: 
STDERR: 
Return Code: 6


--- 代理: 39.123.201.75:50001 ---
检查结果:
STDOUT: 
STDERR: 
Return Code: 6


--- 代理: 180.70.251.169:50001 ---
检查结果:
STDOUT: 
STDERR: 
Return Code: 6


--- 代理: 211.213.244.66:50001 ---
检查结果:
STDOUT: 
STDERR: 
Return Code: 6


--- 代理: 1.251.124.147:50001 ---
检查结果:
STDOUT: 
STDERR: 
Return Code: 6


--- 代理: 1.240.9.40:50001 ---
检查结果:
STDOUT: 
STDERR: 
Return Code: 6


--- 代理: 211.179.32.88:50001 ---
检查结果:
STDOUT: 
STDERR: 
Return Code: 6


--- 代理: 221.139.94.50:50001 ---
检查结果:
STDOUT: 
STDERR: 
Return Code: 6


--- 代理: 222.232.39.231:50001 ---
检查结果:
STDOUT: 
STDERR: 
Return Code: 6


--- 代理: 118.216.105.51:50001 ---
检查结果:
STDOUT: 
STDERR: 
Return Code: 6


--- 代理: 114.202.154.115:50001 ---
检查结果:
STDOUT: 
STDERR: 
Return Code: 6


--- 代理: 221.140.17.175:50001 ---
检查结果:
STDOUT: 
STDERR: 
Return Code: 6


--- 代理: 211.244.162.52:50001 ---
检查结果:
STDOUT: 
STDERR: 
Return Code: 6


--- 代理: 211.243.73.135:50001 ---
检查结果:
STDOUT: 
STDERR: 
Return Code: 6


--- 代理: 180.65.16.219:50001 ---
检查结果:
STDOUT: 
STDERR: 
Return Code: 6


--- 代理: 211.201.153.100:50001 ---
检查结果:
STDOUT: 
STDERR: 
Return Code: 6


--- 代理: 211.108.30.166:50001 ---
检查结果:
STDOUT: 
STDERR: 
Return Code: 6


--- 代理: 210.205.215.87:50001 ---
检查结果:
STDOUT: 
STDERR: 
Return Code: 6


--- 代理: 39.117.0.205:50001 ---
检查结果:
STDOUT: 
STDERR: 
Return Code: 6


--- 代理: 61.253.91.182:50001 ---
检查结果:
STDOUT: 
STDERR: 
Return Code: 6


--- 代理: 39.116.30.91:50001 ---
检查结果:
STDOUT: 
STDERR: 
Return Code: 6


--- 代理: 1.228.139.105:50001 ---
检查结果:
STDOUT: 
STDERR: 
Return Code: 6


--- 代理: 116.122.137.81:50001 ---
检查结果:
STDOUT: 
STDERR: 
Return Code: 6


--- 代理: 222.236.162.195:50001 ---
检查结果:
STDOUT: 
STDERR: 
Return Code: 6


--- 代理: 222.233.160.158:50001 ---
检查结果:
STDOUT: 
STDERR: 
Return Code: 6


--- 代理: 222.235.112.131:50001 ---
检查结果:
STDOUT: 
STDERR: 
Return Code: 6


--- 代理: 39.116.51.28:50001 ---
检查结果:
STDOUT: 
STDERR: 
Return Code: 6


--- 代理: 211.208.11.90:50001 ---
检查结果:
STDOUT: 
STDERR: 
Return Code: 6


--- 代理: 180.67.13.196:50001 ---
检查结果:
STDOUT: 
STDERR: 
Return Code: 6


--- 代理: 114.202.106.233:50001 ---
检查结果:
STDOUT: 
STDERR: 
Return Code: 6


--- 代理: 39.114.16.138:50001 ---
检查结果:
STDOUT: 
STDERR: 
Return Code: 6


--- 代理: 1.232.150.47:50001 ---
检查结果:
STDOUT: 
STDERR: 
Return Code: 6


--- 代理: 218.239.122.78:50001 ---
检查结果:
STDOUT: 
STDERR: 
Return Code: 6


--- 代理: 175.125.196.69:50001 ---
检查结果:
STDOUT: 
STDERR: 
Return Code: 6


--- 代理: 211.205.229.202:50001 ---
检查结果:
STDOUT: 
STDERR: 
Return Code: 6


--- 代理: 39.117.174.236:50001 ---
检查结果:
STDOUT: 
STDERR: 
Return Code: 6

