
--- 代理: 119.237.89.240:32807 ---
检查结果:
STDOUT: {
  "success": true,
  "proxyIP": "119.237.89.240",
  "portRemote": 32807,
  "colo": "SEA",
  "responseTime": 353,
  "message": "第1次验证有效ProxyIP",
  "timestamp": "2025-11-26T12:29:48.346Z"
}
STDERR: 
Return Code: 0


--- 代理: 1.64.178.245:20200 ---
检查结果:
STDOUT: {
  "success": true,
  "proxyIP": "1.64.178.245",
  "portRemote": 20200,
  "colo": "SEA",
  "responseTime": 359,
  "message": "第1次验证有效ProxyIP",
  "timestamp": "2025-11-26T12:29:48.354Z"
}
STDERR: 
Return Code: 0


--- 代理: 58.153.155.98:12345 ---
检查结果:
STDOUT: {
  "success": true,
  "proxyIP": "58.153.155.98",
  "portRemote": 12345,
  "colo": "SEA",
  "responseTime": 348,
  "message": "第1次验证有效ProxyIP",
  "timestamp": "2025-11-26T12:29:49.049Z"
}
STDERR: 
Return Code: 0

